<?xml version="1.0" encoding="UTF-8"?>
<!-- Generated by org.testng.reporters.JUnitReportReporter -->
<testsuite skipped="0" hostname="Gokulnath" name="runner.GoogleTestRunner" tests="2" failures="0" timestamp="2023-07-26T01:38:55 CDT" time="30.426" errors="0">
  <testcase name="runScenario" time="17.523" classname="runner.GoogleTestRunner"/>
  <system-out/>
  <testcase name="runScenario" time="12.903" classname="runner.GoogleTestRunner"/>
  <system-out/>
</testsuite> <!-- runner.GoogleTestRunner -->
